\BOOKMARK [0][-]{chapter.1}{\376\377\0001\000\040\000N\000a\000m\000e\000s\000p\000a\000c\000e\000\040\000I\000n\000d\000e\000x}{}% 1
\BOOKMARK [1][-]{section.1.1}{\376\377\0001\000.\0001\000\040\000N\000a\000m\000e\000s\000p\000a\000c\000e\000\040\000L\000i\000s\000t}{chapter.1}% 2
\BOOKMARK [0][-]{chapter.2}{\376\377\0002\000\040\000C\000l\000a\000s\000s\000\040\000I\000n\000d\000e\000x}{}% 3
\BOOKMARK [1][-]{section.2.1}{\376\377\0002\000.\0001\000\040\000C\000l\000a\000s\000s\000\040\000L\000i\000s\000t}{chapter.2}% 4
\BOOKMARK [0][-]{chapter.3}{\376\377\0003\000\040\000F\000i\000l\000e\000\040\000I\000n\000d\000e\000x}{}% 5
\BOOKMARK [1][-]{section.3.1}{\376\377\0003\000.\0001\000\040\000F\000i\000l\000e\000\040\000L\000i\000s\000t}{chapter.3}% 6
\BOOKMARK [0][-]{chapter.4}{\376\377\0004\000\040\000N\000a\000m\000e\000s\000p\000a\000c\000e\000\040\000D\000o\000c\000u\000m\000e\000n\000t\000a\000t\000i\000o\000n}{}% 7
\BOOKMARK [1][-]{section.4.1}{\376\377\0004\000.\0001\000\040\000M\000P\000I\000w\000\040\000N\000a\000m\000e\000s\000p\000a\000c\000e\000\040\000R\000e\000f\000e\000r\000e\000n\000c\000e}{chapter.4}% 8
\BOOKMARK [2][-]{subsection.4.1.1}{\376\377\0004\000.\0001\000.\0001\000\040\000F\000u\000n\000c\000t\000i\000o\000n\000\040\000D\000o\000c\000u\000m\000e\000n\000t\000a\000t\000i\000o\000n}{section.4.1}% 9
\BOOKMARK [3][-]{subsubsection.4.1.1.1}{\376\377\0004\000.\0001\000.\0001\000.\0001\000\040\000A\000l\000l\000g\000a\000t\000h\000e\000r\000\050\000\051}{subsection.4.1.1}% 10
\BOOKMARK [3][-]{subsubsection.4.1.1.2}{\376\377\0004\000.\0001\000.\0001\000.\0002\000\040\000A\000l\000l\000g\000a\000t\000h\000e\000r\000v\000\050\000\051}{subsection.4.1.1}% 11
\BOOKMARK [3][-]{subsubsection.4.1.1.3}{\376\377\0004\000.\0001\000.\0001\000.\0003\000\040\000A\000l\000l\000R\000e\000d\000u\000c\000e\000\050\000\051}{subsection.4.1.1}% 12
\BOOKMARK [3][-]{subsubsection.4.1.1.4}{\376\377\0004\000.\0001\000.\0001\000.\0004\000\040\000B\000a\000r\000r\000i\000e\000r\000\050\000\051}{subsection.4.1.1}% 13
\BOOKMARK [3][-]{subsubsection.4.1.1.5}{\376\377\0004\000.\0001\000.\0001\000.\0005\000\040\000B\000c\000a\000s\000t\000\050\000\051}{subsection.4.1.1}% 14
\BOOKMARK [3][-]{subsubsection.4.1.1.6}{\376\377\0004\000.\0001\000.\0001\000.\0006\000\040\000B\000c\000a\000s\000t\000\137\000m\000a\000n\000a\000g\000e\000d\000\050\000\051}{subsection.4.1.1}% 15
\BOOKMARK [3][-]{subsubsection.4.1.1.7}{\376\377\0004\000.\0001\000.\0001\000.\0007\000\040\000B\000c\000a\000s\000t\000\137\000r\000e\000c\000v\000\050\000\051}{subsection.4.1.1}% 16
\BOOKMARK [3][-]{subsubsection.4.1.1.8}{\376\377\0004\000.\0001\000.\0001\000.\0008\000\040\000B\000c\000a\000s\000t\000\137\000r\000e\000c\000v\000\137\000m\000a\000n\000a\000g\000e\000d\000\050\000\051}{subsection.4.1.1}% 17
\BOOKMARK [3][-]{subsubsection.4.1.1.9}{\376\377\0004\000.\0001\000.\0001\000.\0009\000\040\000B\000c\000a\000s\000t\000\137\000s\000e\000n\000d\000\050\000\051}{subsection.4.1.1}% 18
\BOOKMARK [3][-]{subsubsection.4.1.1.10}{\376\377\0004\000.\0001\000.\0001\000.\0001\0000\000\040\000B\000c\000a\000s\000t\000\137\000s\000e\000n\000d\000\137\000m\000a\000n\000a\000g\000e\000d\000\050\000\051}{subsection.4.1.1}% 19
\BOOKMARK [3][-]{subsubsection.4.1.1.11}{\376\377\0004\000.\0001\000.\0001\000.\0001\0001\000\040\000C\000o\000m\000m\000\137\000r\000a\000n\000k\000\050\000\051}{subsection.4.1.1}% 20
\BOOKMARK [3][-]{subsubsection.4.1.1.12}{\376\377\0004\000.\0001\000.\0001\000.\0001\0002\000\040\000C\000o\000m\000m\000\137\000s\000i\000z\000e\000\050\000\051}{subsection.4.1.1}% 21
\BOOKMARK [3][-]{subsubsection.4.1.1.13}{\376\377\0004\000.\0001\000.\0001\000.\0001\0003\000\040\000G\000a\000t\000h\000e\000r\000\050\000\051}{subsection.4.1.1}% 22
\BOOKMARK [3][-]{subsubsection.4.1.1.14}{\376\377\0004\000.\0001\000.\0001\000.\0001\0004\000\040\000G\000a\000t\000h\000e\000r\000\137\000r\000e\000c\000v\000\050\000\051}{subsection.4.1.1}% 23
\BOOKMARK [3][-]{subsubsection.4.1.1.15}{\376\377\0004\000.\0001\000.\0001\000.\0001\0005\000\040\000G\000a\000t\000h\000e\000r\000\137\000s\000e\000n\000d\000\050\000\051}{subsection.4.1.1}% 24
\BOOKMARK [3][-]{subsubsection.4.1.1.16}{\376\377\0004\000.\0001\000.\0001\000.\0001\0006\000\040\000G\000a\000t\000h\000e\000r\000v\000\050\000\051}{subsection.4.1.1}% 25
\BOOKMARK [3][-]{subsubsection.4.1.1.17}{\376\377\0004\000.\0001\000.\0001\000.\0001\0007\000\040\000G\000a\000t\000h\000e\000r\000v\000\137\000r\000e\000c\000v\000\050\000\051}{subsection.4.1.1}% 26
\BOOKMARK [3][-]{subsubsection.4.1.1.18}{\376\377\0004\000.\0001\000.\0001\000.\0001\0008\000\040\000G\000a\000t\000h\000e\000r\000v\000\137\000s\000e\000n\000d\000\050\000\051}{subsection.4.1.1}% 27
\BOOKMARK [3][-]{subsubsection.4.1.1.19}{\376\377\0004\000.\0001\000.\0001\000.\0001\0009\000\040\000G\000e\000t\000\137\000c\000o\000u\000n\000t\000\050\000\051\000\040\000[\0001\000/\0002\000]}{subsection.4.1.1}% 28
\BOOKMARK [3][-]{subsubsection.4.1.1.20}{\376\377\0004\000.\0001\000.\0001\000.\0002\0000\000\040\000G\000e\000t\000\137\000c\000o\000u\000n\000t\000\050\000\051\000\040\000[\0002\000/\0002\000]}{subsection.4.1.1}% 29
\BOOKMARK [3][-]{subsubsection.4.1.1.21}{\376\377\0004\000.\0001\000.\0001\000.\0002\0001\000\040\000G\000e\000t\000\137\000p\000r\000o\000c\000e\000s\000s\000o\000r\000\137\000n\000a\000m\000e\000\050\000\051}{subsection.4.1.1}% 30
\BOOKMARK [3][-]{subsubsection.4.1.1.22}{\376\377\0004\000.\0001\000.\0001\000.\0002\0002\000\040\000G\000r\000o\000u\000p\000\137\000r\000a\000n\000k\000\050\000\051}{subsection.4.1.1}% 31
\BOOKMARK [3][-]{subsubsection.4.1.1.23}{\376\377\0004\000.\0001\000.\0001\000.\0002\0003\000\040\000G\000r\000o\000u\000p\000\137\000s\000i\000z\000e\000\050\000\051}{subsection.4.1.1}% 32
\BOOKMARK [3][-]{subsubsection.4.1.1.24}{\376\377\0004\000.\0001\000.\0001\000.\0002\0004\000\040\000R\000e\000c\000v\000\050\000\051}{subsection.4.1.1}% 33
\BOOKMARK [3][-]{subsubsection.4.1.1.25}{\376\377\0004\000.\0001\000.\0001\000.\0002\0005\000\040\000R\000e\000d\000u\000c\000e\000\050\000\051}{subsection.4.1.1}% 34
\BOOKMARK [3][-]{subsubsection.4.1.1.26}{\376\377\0004\000.\0001\000.\0001\000.\0002\0006\000\040\000R\000e\000d\000u\000c\000e\000\137\000r\000e\000c\000v\000\050\000\051}{subsection.4.1.1}% 35
\BOOKMARK [3][-]{subsubsection.4.1.1.27}{\376\377\0004\000.\0001\000.\0001\000.\0002\0007\000\040\000R\000e\000d\000u\000c\000e\000\137\000s\000e\000n\000d\000\050\000\051}{subsection.4.1.1}% 36
\BOOKMARK [3][-]{subsubsection.4.1.1.28}{\376\377\0004\000.\0001\000.\0001\000.\0002\0008\000\040\000S\000c\000a\000t\000t\000e\000r\000\050\000\051}{subsection.4.1.1}% 37
\BOOKMARK [3][-]{subsubsection.4.1.1.29}{\376\377\0004\000.\0001\000.\0001\000.\0002\0009\000\040\000S\000c\000a\000t\000t\000e\000r\000\137\000r\000e\000c\000v\000\050\000\051}{subsection.4.1.1}% 38
\BOOKMARK [3][-]{subsubsection.4.1.1.30}{\376\377\0004\000.\0001\000.\0001\000.\0003\0000\000\040\000S\000c\000a\000t\000t\000e\000r\000\137\000r\000e\000c\000v\000\137\000m\000a\000n\000a\000g\000e\000d\000\050\000\051}{subsection.4.1.1}% 39
\BOOKMARK [3][-]{subsubsection.4.1.1.31}{\376\377\0004\000.\0001\000.\0001\000.\0003\0001\000\040\000S\000c\000a\000t\000t\000e\000r\000\137\000s\000e\000n\000d\000\050\000\051}{subsection.4.1.1}% 40
\BOOKMARK [3][-]{subsubsection.4.1.1.32}{\376\377\0004\000.\0001\000.\0001\000.\0003\0002\000\040\000S\000c\000a\000t\000t\000e\000r\000\137\000s\000e\000n\000d\000\137\000m\000a\000n\000a\000g\000e\000d\000\050\000\051}{subsection.4.1.1}% 41
\BOOKMARK [3][-]{subsubsection.4.1.1.33}{\376\377\0004\000.\0001\000.\0001\000.\0003\0003\000\040\000S\000c\000a\000t\000t\000e\000r\000v\000\050\000\051}{subsection.4.1.1}% 42
\BOOKMARK [3][-]{subsubsection.4.1.1.34}{\376\377\0004\000.\0001\000.\0001\000.\0003\0004\000\040\000S\000c\000a\000t\000t\000e\000r\000v\000\137\000r\000e\000c\000v\000\050\000\051}{subsection.4.1.1}% 43
\BOOKMARK [3][-]{subsubsection.4.1.1.35}{\376\377\0004\000.\0001\000.\0001\000.\0003\0005\000\040\000S\000c\000a\000t\000t\000e\000r\000v\000\137\000s\000e\000n\000d\000\050\000\051}{subsection.4.1.1}% 44
\BOOKMARK [3][-]{subsubsection.4.1.1.36}{\376\377\0004\000.\0001\000.\0001\000.\0003\0006\000\040\000S\000e\000n\000d\000\050\000\051}{subsection.4.1.1}% 45
\BOOKMARK [1][-]{section.4.2}{\376\377\0004\000.\0002\000\040\000M\000P\000I\000w\000:\000:\000d\000e\000t\000a\000i\000l\000s\000\040\000N\000a\000m\000e\000s\000p\000a\000c\000e\000\040\000R\000e\000f\000e\000r\000e\000n\000c\000e}{chapter.4}% 46
\BOOKMARK [2][-]{subsection.4.2.1}{\376\377\0004\000.\0002\000.\0001\000\040\000F\000u\000n\000c\000t\000i\000o\000n\000\040\000D\000o\000c\000u\000m\000e\000n\000t\000a\000t\000i\000o\000n}{section.4.2}% 47
\BOOKMARK [3][-]{subsubsection.4.2.1.1}{\376\377\0004\000.\0002\000.\0001\000.\0001\000\040\000s\000p\000l\000i\000t\000\137\000b\000u\000f\000f\000e\000r\000\050\000\051}{subsection.4.2.1}% 48
\BOOKMARK [1][-]{section.4.3}{\376\377\0004\000.\0003\000\040\000M\000P\000I\000w\000:\000:\000e\000r\000r\000o\000r\000s\000\040\000N\000a\000m\000e\000s\000p\000a\000c\000e\000\040\000R\000e\000f\000e\000r\000e\000n\000c\000e}{chapter.4}% 49
\BOOKMARK [2][-]{subsection.4.3.1}{\376\377\0004\000.\0003\000.\0001\000\040\000F\000u\000n\000c\000t\000i\000o\000n\000\040\000D\000o\000c\000u\000m\000e\000n\000t\000a\000t\000i\000o\000n}{section.4.3}% 50
\BOOKMARK [3][-]{subsubsection.4.3.1.1}{\376\377\0004\000.\0003\000.\0001\000.\0001\000\040\000c\000h\000e\000c\000k\000\137\000c\000o\000d\000e\000\050\000\051}{subsection.4.3.1}% 51
\BOOKMARK [3][-]{subsubsection.4.3.1.2}{\376\377\0004\000.\0003\000.\0001\000.\0002\000\040\000e\000r\000r\000o\000r\000\137\000m\000e\000s\000s\000a\000g\000e\000\050\000\051}{subsection.4.3.1}% 52
\BOOKMARK [1][-]{section.4.4}{\376\377\0004\000.\0004\000\040\000M\000P\000I\000w\000:\000:\000s\000t\000r\000u\000c\000t\000s\000\040\000N\000a\000m\000e\000s\000p\000a\000c\000e\000\040\000R\000e\000f\000e\000r\000e\000n\000c\000e}{chapter.4}% 53
\BOOKMARK [1][-]{section.4.5}{\376\377\0004\000.\0005\000\040\000M\000P\000I\000w\000:\000:\000t\000y\000p\000e\000s\000\040\000N\000a\000m\000e\000s\000p\000a\000c\000e\000\040\000R\000e\000f\000e\000r\000e\000n\000c\000e}{chapter.4}% 54
\BOOKMARK [2][-]{subsection.4.5.1}{\376\377\0004\000.\0005\000.\0001\000\040\000F\000u\000n\000c\000t\000i\000o\000n\000\040\000D\000o\000c\000u\000m\000e\000n\000t\000a\000t\000i\000o\000n}{section.4.5}% 55
\BOOKMARK [3][-]{subsubsection.4.5.1.1}{\376\377\0004\000.\0005\000.\0001\000.\0001\000\040\000g\000e\000t\000\137\000m\000p\000i\000\137\000t\000y\000p\000e\000\050\000\051}{subsection.4.5.1}% 56
\BOOKMARK [0][-]{chapter.5}{\376\377\0005\000\040\000C\000l\000a\000s\000s\000\040\000D\000o\000c\000u\000m\000e\000n\000t\000a\000t\000i\000o\000n}{}% 57
\BOOKMARK [1][-]{section.5.1}{\376\377\0005\000.\0001\000\040\000M\000P\000I\000w\000:\000:\000C\000o\000m\000m\000\137\000r\000a\000i\000i\000\040\000C\000l\000a\000s\000s\000\040\000R\000e\000f\000e\000r\000e\000n\000c\000e}{chapter.5}% 58
\BOOKMARK [2][-]{subsection.5.1.1}{\376\377\0005\000.\0001\000.\0001\000\040\000C\000o\000n\000s\000t\000r\000u\000c\000t\000o\000r\000\040\000\046\000\040\000D\000e\000s\000t\000r\000u\000c\000t\000o\000r\000\040\000D\000o\000c\000u\000m\000e\000n\000t\000a\000t\000i\000o\000n}{section.5.1}% 59
\BOOKMARK [3][-]{subsubsection.5.1.1.1}{\376\377\0005\000.\0001\000.\0001\000.\0001\000\040\000C\000o\000m\000m\000\137\000r\000a\000i\000i\000\050\000\051\000\040\000[\0001\000/\0003\000]}{subsection.5.1.1}% 60
\BOOKMARK [3][-]{subsubsection.5.1.1.2}{\376\377\0005\000.\0001\000.\0001\000.\0002\000\040\000C\000o\000m\000m\000\137\000r\000a\000i\000i\000\050\000\051\000\040\000[\0002\000/\0003\000]}{subsection.5.1.1}% 61
\BOOKMARK [3][-]{subsubsection.5.1.1.3}{\376\377\0005\000.\0001\000.\0001\000.\0003\000\040\000C\000o\000m\000m\000\137\000r\000a\000i\000i\000\050\000\051\000\040\000[\0003\000/\0003\000]}{subsection.5.1.1}% 62
\BOOKMARK [3][-]{subsubsection.5.1.1.4}{\376\377\0005\000.\0001\000.\0001\000.\0004\000\040\000\040\000C\000o\000m\000m\000\137\000r\000a\000i\000i\000\050\000\051}{subsection.5.1.1}% 63
\BOOKMARK [2][-]{subsection.5.1.2}{\376\377\0005\000.\0001\000.\0002\000\040\000M\000e\000m\000b\000e\000r\000\040\000F\000u\000n\000c\000t\000i\000o\000n\000\040\000D\000o\000c\000u\000m\000e\000n\000t\000a\000t\000i\000o\000n}{section.5.1}% 64
\BOOKMARK [3][-]{subsubsection.5.1.2.1}{\376\377\0005\000.\0001\000.\0002\000.\0001\000\040\000g\000e\000t\000\050\000\051}{subsection.5.1.2}% 65
\BOOKMARK [3][-]{subsubsection.5.1.2.2}{\376\377\0005\000.\0001\000.\0002\000.\0002\000\040\000o\000p\000e\000r\000a\000t\000o\000r\000\040\000M\000P\000I\000\137\000C\000o\000m\000m\000\050\000\051}{subsection.5.1.2}% 66
\BOOKMARK [3][-]{subsubsection.5.1.2.3}{\376\377\0005\000.\0001\000.\0002\000.\0003\000\040\000o\000p\000e\000r\000a\000t\000o\000r\000\046\000\050\000\051}{subsection.5.1.2}% 67
\BOOKMARK [3][-]{subsubsection.5.1.2.4}{\376\377\0005\000.\0001\000.\0002\000.\0004\000\040\000o\000p\000e\000r\000a\000t\000o\000r\000=\000\050\000\051\000\040\000[\0001\000/\0002\000]}{subsection.5.1.2}% 68
\BOOKMARK [3][-]{subsubsection.5.1.2.5}{\376\377\0005\000.\0001\000.\0002\000.\0005\000\040\000o\000p\000e\000r\000a\000t\000o\000r\000=\000\050\000\051\000\040\000[\0002\000/\0002\000]}{subsection.5.1.2}% 69
\BOOKMARK [2][-]{subsection.5.1.3}{\376\377\0005\000.\0001\000.\0003\000\040\000M\000e\000m\000b\000e\000r\000\040\000D\000a\000t\000a\000\040\000D\000o\000c\000u\000m\000e\000n\000t\000a\000t\000i\000o\000n}{section.5.1}% 70
\BOOKMARK [3][-]{subsubsection.5.1.3.1}{\376\377\0005\000.\0001\000.\0003\000.\0001\000\040\000c\000o\000m\000m}{subsection.5.1.3}% 71
\BOOKMARK [1][-]{section.5.2}{\376\377\0005\000.\0002\000\040\000M\000P\000I\000w\000:\000:\000G\000r\000o\000u\000p\000\137\000r\000a\000i\000i\000\040\000C\000l\000a\000s\000s\000\040\000R\000e\000f\000e\000r\000e\000n\000c\000e}{chapter.5}% 72
\BOOKMARK [2][-]{subsection.5.2.1}{\376\377\0005\000.\0002\000.\0001\000\040\000C\000o\000n\000s\000t\000r\000u\000c\000t\000o\000r\000\040\000\046\000\040\000D\000e\000s\000t\000r\000u\000c\000t\000o\000r\000\040\000D\000o\000c\000u\000m\000e\000n\000t\000a\000t\000i\000o\000n}{section.5.2}% 73
\BOOKMARK [3][-]{subsubsection.5.2.1.1}{\376\377\0005\000.\0002\000.\0001\000.\0001\000\040\000G\000r\000o\000u\000p\000\137\000r\000a\000i\000i\000\050\000\051\000\040\000[\0001\000/\0003\000]}{subsection.5.2.1}% 74
\BOOKMARK [3][-]{subsubsection.5.2.1.2}{\376\377\0005\000.\0002\000.\0001\000.\0002\000\040\000G\000r\000o\000u\000p\000\137\000r\000a\000i\000i\000\050\000\051\000\040\000[\0002\000/\0003\000]}{subsection.5.2.1}% 75
\BOOKMARK [3][-]{subsubsection.5.2.1.3}{\376\377\0005\000.\0002\000.\0001\000.\0003\000\040\000G\000r\000o\000u\000p\000\137\000r\000a\000i\000i\000\050\000\051\000\040\000[\0003\000/\0003\000]}{subsection.5.2.1}% 76
\BOOKMARK [3][-]{subsubsection.5.2.1.4}{\376\377\0005\000.\0002\000.\0001\000.\0004\000\040\000\040\000G\000r\000o\000u\000p\000\137\000r\000a\000i\000i\000\050\000\051}{subsection.5.2.1}% 77
\BOOKMARK [2][-]{subsection.5.2.2}{\376\377\0005\000.\0002\000.\0002\000\040\000M\000e\000m\000b\000e\000r\000\040\000F\000u\000n\000c\000t\000i\000o\000n\000\040\000D\000o\000c\000u\000m\000e\000n\000t\000a\000t\000i\000o\000n}{section.5.2}% 78
\BOOKMARK [3][-]{subsubsection.5.2.2.1}{\376\377\0005\000.\0002\000.\0002\000.\0001\000\040\000g\000e\000t\000\050\000\051}{subsection.5.2.2}% 79
\BOOKMARK [3][-]{subsubsection.5.2.2.2}{\376\377\0005\000.\0002\000.\0002\000.\0002\000\040\000o\000p\000e\000r\000a\000t\000o\000r\000\040\000M\000P\000I\000\137\000G\000r\000o\000u\000p\000\050\000\051}{subsection.5.2.2}% 80
\BOOKMARK [3][-]{subsubsection.5.2.2.3}{\376\377\0005\000.\0002\000.\0002\000.\0003\000\040\000o\000p\000e\000r\000a\000t\000o\000r\000\046\000\050\000\051}{subsection.5.2.2}% 81
\BOOKMARK [3][-]{subsubsection.5.2.2.4}{\376\377\0005\000.\0002\000.\0002\000.\0004\000\040\000o\000p\000e\000r\000a\000t\000o\000r\000=\000\050\000\051\000\040\000[\0001\000/\0002\000]}{subsection.5.2.2}% 82
\BOOKMARK [3][-]{subsubsection.5.2.2.5}{\376\377\0005\000.\0002\000.\0002\000.\0005\000\040\000o\000p\000e\000r\000a\000t\000o\000r\000=\000\050\000\051\000\040\000[\0002\000/\0002\000]}{subsection.5.2.2}% 83
\BOOKMARK [2][-]{subsection.5.2.3}{\376\377\0005\000.\0002\000.\0003\000\040\000M\000e\000m\000b\000e\000r\000\040\000D\000a\000t\000a\000\040\000D\000o\000c\000u\000m\000e\000n\000t\000a\000t\000i\000o\000n}{section.5.2}% 84
\BOOKMARK [3][-]{subsubsection.5.2.3.1}{\376\377\0005\000.\0002\000.\0003\000.\0001\000\040\000g\000r\000o\000u\000p}{subsection.5.2.3}% 85
\BOOKMARK [1][-]{section.5.3}{\376\377\0005\000.\0003\000\040\000M\000P\000I\000w\000:\000:\000I\000n\000i\000t\000\137\000r\000a\000i\000i\000\040\000C\000l\000a\000s\000s\000\040\000R\000e\000f\000e\000r\000e\000n\000c\000e}{chapter.5}% 86
\BOOKMARK [2][-]{subsection.5.3.1}{\376\377\0005\000.\0003\000.\0001\000\040\000C\000o\000n\000s\000t\000r\000u\000c\000t\000o\000r\000\040\000\046\000\040\000D\000e\000s\000t\000r\000u\000c\000t\000o\000r\000\040\000D\000o\000c\000u\000m\000e\000n\000t\000a\000t\000i\000o\000n}{section.5.3}% 87
\BOOKMARK [3][-]{subsubsection.5.3.1.1}{\376\377\0005\000.\0003\000.\0001\000.\0001\000\040\000I\000n\000i\000t\000\137\000r\000a\000i\000i\000\050\000\051\000\040\000[\0001\000/\0003\000]}{subsection.5.3.1}% 88
\BOOKMARK [3][-]{subsubsection.5.3.1.2}{\376\377\0005\000.\0003\000.\0001\000.\0002\000\040\000I\000n\000i\000t\000\137\000r\000a\000i\000i\000\050\000\051\000\040\000[\0002\000/\0003\000]}{subsection.5.3.1}% 89
\BOOKMARK [3][-]{subsubsection.5.3.1.3}{\376\377\0005\000.\0003\000.\0001\000.\0003\000\040\000I\000n\000i\000t\000\137\000r\000a\000i\000i\000\050\000\051\000\040\000[\0003\000/\0003\000]}{subsection.5.3.1}% 90
\BOOKMARK [3][-]{subsubsection.5.3.1.4}{\376\377\0005\000.\0003\000.\0001\000.\0004\000\040\000\040\000I\000n\000i\000t\000\137\000r\000a\000i\000i\000\050\000\051}{subsection.5.3.1}% 91
\BOOKMARK [2][-]{subsection.5.3.2}{\376\377\0005\000.\0003\000.\0002\000\040\000M\000e\000m\000b\000e\000r\000\040\000F\000u\000n\000c\000t\000i\000o\000n\000\040\000D\000o\000c\000u\000m\000e\000n\000t\000a\000t\000i\000o\000n}{section.5.3}% 92
\BOOKMARK [3][-]{subsubsection.5.3.2.1}{\376\377\0005\000.\0003\000.\0002\000.\0001\000\040\000o\000p\000e\000r\000a\000t\000o\000r\000=\000\050\000\051\000\040\000[\0001\000/\0002\000]}{subsection.5.3.2}% 93
\BOOKMARK [3][-]{subsubsection.5.3.2.2}{\376\377\0005\000.\0003\000.\0002\000.\0002\000\040\000o\000p\000e\000r\000a\000t\000o\000r\000=\000\050\000\051\000\040\000[\0002\000/\0002\000]}{subsection.5.3.2}% 94
\BOOKMARK [1][-]{section.5.4}{\376\377\0005\000.\0004\000\040\000M\000P\000I\000w\000:\000:\000s\000t\000r\000u\000c\000t\000s\000:\000:\000R\000e\000c\000v\000\137\000s\000t\000<\000\040\000T\000\040\000>\000\040\000S\000t\000r\000u\000c\000t\000\040\000T\000e\000m\000p\000l\000a\000t\000e\000\040\000R\000e\000f\000e\000r\000e\000n\000c\000e}{chapter.5}% 95
\BOOKMARK [2][-]{subsection.5.4.1}{\376\377\0005\000.\0004\000.\0001\000\040\000M\000e\000m\000b\000e\000r\000\040\000D\000a\000t\000a\000\040\000D\000o\000c\000u\000m\000e\000n\000t\000a\000t\000i\000o\000n}{section.5.4}% 96
\BOOKMARK [3][-]{subsubsection.5.4.1.1}{\376\377\0005\000.\0004\000.\0001\000.\0001\000\040\000d\000a\000t\000a}{subsection.5.4.1}% 97
\BOOKMARK [3][-]{subsubsection.5.4.1.2}{\376\377\0005\000.\0004\000.\0001\000.\0002\000\040\000s\000t\000a\000t\000u\000s}{subsection.5.4.1}% 98
\BOOKMARK [0][-]{chapter.6}{\376\377\0006\000\040\000F\000i\000l\000e\000\040\000D\000o\000c\000u\000m\000e\000n\000t\000a\000t\000i\000o\000n}{}% 99
\BOOKMARK [1][-]{section.6.1}{\376\377\0006\000.\0001\000\040\000/\000h\000o\000m\000e\000/\000s\000o\000m\000i\000k\000/\000W\000S\000L\000\137\000W\000o\000r\000k\000s\000p\000a\000c\000e\000/\000c\000p\000p\000/\000m\000p\000i\000\137\000w\000r\000a\000p\000p\000e\000r\000/\000s\000r\000c\000/\000c\000o\000m\000m\000u\000n\000i\000c\000a\000t\000i\000o\000n\000.\000h\000p\000p\000\040\000F\000i\000l\000e\000\040\000R\000e\000f\000e\000r\000e\000n\000c\000e}{chapter.6}% 100
\BOOKMARK [1][-]{section.6.2}{\376\377\0006\000.\0002\000\040\000/\000h\000o\000m\000e\000/\000s\000o\000m\000i\000k\000/\000W\000S\000L\000\137\000W\000o\000r\000k\000s\000p\000a\000c\000e\000/\000c\000p\000p\000/\000m\000p\000i\000\137\000w\000r\000a\000p\000p\000e\000r\000/\000s\000r\000c\000/\000e\000r\000r\000o\000r\000\137\000c\000o\000d\000e\000s\000.\000h\000p\000p\000\040\000F\000i\000l\000e\000\040\000R\000e\000f\000e\000r\000e\000n\000c\000e}{chapter.6}% 101
\BOOKMARK [1][-]{section.6.3}{\376\377\0006\000.\0003\000\040\000/\000h\000o\000m\000e\000/\000s\000o\000m\000i\000k\000/\000W\000S\000L\000\137\000W\000o\000r\000k\000s\000p\000a\000c\000e\000/\000c\000p\000p\000/\000m\000p\000i\000\137\000w\000r\000a\000p\000p\000e\000r\000/\000s\000r\000c\000/\000g\000e\000t\000t\000e\000r\000s\000.\000h\000p\000p\000\040\000F\000i\000l\000e\000\040\000R\000e\000f\000e\000r\000e\000n\000c\000e}{chapter.6}% 102
\BOOKMARK [1][-]{section.6.4}{\376\377\0006\000.\0004\000\040\000/\000h\000o\000m\000e\000/\000s\000o\000m\000i\000k\000/\000W\000S\000L\000\137\000W\000o\000r\000k\000s\000p\000a\000c\000e\000/\000c\000p\000p\000/\000m\000p\000i\000\137\000w\000r\000a\000p\000p\000e\000r\000/\000s\000r\000c\000/\000i\000n\000c\000l\000u\000d\000e\000.\000h\000p\000p\000\040\000F\000i\000l\000e\000\040\000R\000e\000f\000e\000r\000e\000n\000c\000e}{chapter.6}% 103
\BOOKMARK [1][-]{section.6.5}{\376\377\0006\000.\0005\000\040\000/\000h\000o\000m\000e\000/\000s\000o\000m\000i\000k\000/\000W\000S\000L\000\137\000W\000o\000r\000k\000s\000p\000a\000c\000e\000/\000c\000p\000p\000/\000m\000p\000i\000\137\000w\000r\000a\000p\000p\000e\000r\000/\000s\000r\000c\000/\000r\000a\000i\000i\000.\000h\000p\000p\000\040\000F\000i\000l\000e\000\040\000R\000e\000f\000e\000r\000e\000n\000c\000e}{chapter.6}% 104
\BOOKMARK [1][-]{section.6.6}{\376\377\0006\000.\0006\000\040\000/\000h\000o\000m\000e\000/\000s\000o\000m\000i\000k\000/\000W\000S\000L\000\137\000W\000o\000r\000k\000s\000p\000a\000c\000e\000/\000c\000p\000p\000/\000m\000p\000i\000\137\000w\000r\000a\000p\000p\000e\000r\000/\000s\000r\000c\000/\000s\000t\000r\000u\000c\000t\000s\000.\000h\000p\000p\000\040\000F\000i\000l\000e\000\040\000R\000e\000f\000e\000r\000e\000n\000c\000e}{chapter.6}% 105
\BOOKMARK [1][-]{section.6.7}{\376\377\0006\000.\0007\000\040\000/\000h\000o\000m\000e\000/\000s\000o\000m\000i\000k\000/\000W\000S\000L\000\137\000W\000o\000r\000k\000s\000p\000a\000c\000e\000/\000c\000p\000p\000/\000m\000p\000i\000\137\000w\000r\000a\000p\000p\000e\000r\000/\000s\000r\000c\000/\000t\000y\000p\000e\000s\000.\000h\000p\000p\000\040\000F\000i\000l\000e\000\040\000R\000e\000f\000e\000r\000e\000n\000c\000e}{chapter.6}% 106
\BOOKMARK [2][-]{subsection.6.7.1}{\376\377\0006\000.\0007\000.\0001\000\040\000M\000a\000c\000r\000o\000\040\000D\000e\000f\000i\000n\000i\000t\000i\000o\000n\000\040\000D\000o\000c\000u\000m\000e\000n\000t\000a\000t\000i\000o\000n}{section.6.7}% 107
\BOOKMARK [3][-]{subsubsection.6.7.1.1}{\376\377\0006\000.\0007\000.\0001\000.\0001\000\040\000M\000P\000I\000w\000\137\000r\000e\000g\000i\000s\000t\000e\000r\000\137\000t\000y\000p\000e}{subsection.6.7.1}% 108
\BOOKMARK [2][-]{subsection.6.7.2}{\376\377\0006\000.\0007\000.\0002\000\040\000F\000u\000n\000c\000t\000i\000o\000n\000\040\000D\000o\000c\000u\000m\000e\000n\000t\000a\000t\000i\000o\000n}{section.6.7}% 109
\BOOKMARK [3][-]{subsubsection.6.7.2.1}{\376\377\0006\000.\0007\000.\0002\000.\0001\000\040\000M\000P\000I\000w\000\137\000r\000e\000g\000i\000s\000t\000e\000r\000\137\000t\000y\000p\000e\000\050\000\051\000\040\000[\0001\000/\0001\0007\000]}{subsection.6.7.2}% 110
\BOOKMARK [3][-]{subsubsection.6.7.2.2}{\376\377\0006\000.\0007\000.\0002\000.\0002\000\040\000M\000P\000I\000w\000\137\000r\000e\000g\000i\000s\000t\000e\000r\000\137\000t\000y\000p\000e\000\050\000\051\000\040\000[\0002\000/\0001\0007\000]}{subsection.6.7.2}% 111
\BOOKMARK [3][-]{subsubsection.6.7.2.3}{\376\377\0006\000.\0007\000.\0002\000.\0003\000\040\000M\000P\000I\000w\000\137\000r\000e\000g\000i\000s\000t\000e\000r\000\137\000t\000y\000p\000e\000\050\000\051\000\040\000[\0003\000/\0001\0007\000]}{subsection.6.7.2}% 112
\BOOKMARK [3][-]{subsubsection.6.7.2.4}{\376\377\0006\000.\0007\000.\0002\000.\0004\000\040\000M\000P\000I\000w\000\137\000r\000e\000g\000i\000s\000t\000e\000r\000\137\000t\000y\000p\000e\000\050\000\051\000\040\000[\0004\000/\0001\0007\000]}{subsection.6.7.2}% 113
\BOOKMARK [3][-]{subsubsection.6.7.2.5}{\376\377\0006\000.\0007\000.\0002\000.\0005\000\040\000M\000P\000I\000w\000\137\000r\000e\000g\000i\000s\000t\000e\000r\000\137\000t\000y\000p\000e\000\050\000\051\000\040\000[\0005\000/\0001\0007\000]}{subsection.6.7.2}% 114
\BOOKMARK [3][-]{subsubsection.6.7.2.6}{\376\377\0006\000.\0007\000.\0002\000.\0006\000\040\000M\000P\000I\000w\000\137\000r\000e\000g\000i\000s\000t\000e\000r\000\137\000t\000y\000p\000e\000\050\000\051\000\040\000[\0006\000/\0001\0007\000]}{subsection.6.7.2}% 115
\BOOKMARK [3][-]{subsubsection.6.7.2.7}{\376\377\0006\000.\0007\000.\0002\000.\0007\000\040\000M\000P\000I\000w\000\137\000r\000e\000g\000i\000s\000t\000e\000r\000\137\000t\000y\000p\000e\000\050\000\051\000\040\000[\0007\000/\0001\0007\000]}{subsection.6.7.2}% 116
\BOOKMARK [3][-]{subsubsection.6.7.2.8}{\376\377\0006\000.\0007\000.\0002\000.\0008\000\040\000M\000P\000I\000w\000\137\000r\000e\000g\000i\000s\000t\000e\000r\000\137\000t\000y\000p\000e\000\050\000\051\000\040\000[\0008\000/\0001\0007\000]}{subsection.6.7.2}% 117
\BOOKMARK [3][-]{subsubsection.6.7.2.9}{\376\377\0006\000.\0007\000.\0002\000.\0009\000\040\000M\000P\000I\000w\000\137\000r\000e\000g\000i\000s\000t\000e\000r\000\137\000t\000y\000p\000e\000\050\000\051\000\040\000[\0009\000/\0001\0007\000]}{subsection.6.7.2}% 118
\BOOKMARK [3][-]{subsubsection.6.7.2.10}{\376\377\0006\000.\0007\000.\0002\000.\0001\0000\000\040\000M\000P\000I\000w\000\137\000r\000e\000g\000i\000s\000t\000e\000r\000\137\000t\000y\000p\000e\000\050\000\051\000\040\000[\0001\0000\000/\0001\0007\000]}{subsection.6.7.2}% 119
\BOOKMARK [3][-]{subsubsection.6.7.2.11}{\376\377\0006\000.\0007\000.\0002\000.\0001\0001\000\040\000M\000P\000I\000w\000\137\000r\000e\000g\000i\000s\000t\000e\000r\000\137\000t\000y\000p\000e\000\050\000\051\000\040\000[\0001\0001\000/\0001\0007\000]}{subsection.6.7.2}% 120
\BOOKMARK [3][-]{subsubsection.6.7.2.12}{\376\377\0006\000.\0007\000.\0002\000.\0001\0002\000\040\000M\000P\000I\000w\000\137\000r\000e\000g\000i\000s\000t\000e\000r\000\137\000t\000y\000p\000e\000\050\000\051\000\040\000[\0001\0002\000/\0001\0007\000]}{subsection.6.7.2}% 121
\BOOKMARK [3][-]{subsubsection.6.7.2.13}{\376\377\0006\000.\0007\000.\0002\000.\0001\0003\000\040\000M\000P\000I\000w\000\137\000r\000e\000g\000i\000s\000t\000e\000r\000\137\000t\000y\000p\000e\000\050\000\051\000\040\000[\0001\0003\000/\0001\0007\000]}{subsection.6.7.2}% 122
\BOOKMARK [3][-]{subsubsection.6.7.2.14}{\376\377\0006\000.\0007\000.\0002\000.\0001\0004\000\040\000M\000P\000I\000w\000\137\000r\000e\000g\000i\000s\000t\000e\000r\000\137\000t\000y\000p\000e\000\050\000\051\000\040\000[\0001\0004\000/\0001\0007\000]}{subsection.6.7.2}% 123
\BOOKMARK [3][-]{subsubsection.6.7.2.15}{\376\377\0006\000.\0007\000.\0002\000.\0001\0005\000\040\000M\000P\000I\000w\000\137\000r\000e\000g\000i\000s\000t\000e\000r\000\137\000t\000y\000p\000e\000\050\000\051\000\040\000[\0001\0005\000/\0001\0007\000]}{subsection.6.7.2}% 124
\BOOKMARK [3][-]{subsubsection.6.7.2.16}{\376\377\0006\000.\0007\000.\0002\000.\0001\0006\000\040\000M\000P\000I\000w\000\137\000r\000e\000g\000i\000s\000t\000e\000r\000\137\000t\000y\000p\000e\000\050\000\051\000\040\000[\0001\0006\000/\0001\0007\000]}{subsection.6.7.2}% 125
\BOOKMARK [3][-]{subsubsection.6.7.2.17}{\376\377\0006\000.\0007\000.\0002\000.\0001\0007\000\040\000M\000P\000I\000w\000\137\000r\000e\000g\000i\000s\000t\000e\000r\000\137\000t\000y\000p\000e\000\050\000\051\000\040\000[\0001\0007\000/\0001\0007\000]}{subsection.6.7.2}% 126
\BOOKMARK [0][-]{section*.40}{\376\377\000I\000n\000d\000e\000x}{}% 127
